D, [2020-05-23T12:49:55.317516 #20927] DEBUG -- :   [1m[35m (15.0ms)[0m  [1m[35mSET NAMES utf8,  @@SESSION.sql_mode = CONCAT(CONCAT(@@sql_mode, ',STRICT_ALL_TABLES'), ',NO_AUTO_VALUE_ON_ZERO'),  @@SESSION.sql_auto_is_null = 0, @@SESSION.wait_timeout = 2147483[0m
D, [2020-05-23T12:49:55.368801 #20927] DEBUG -- :   [1m[35m (0.1ms)[0m  [1m[34mSELECT GET_LOCK('2754433143543187260', 0)[0m
D, [2020-05-23T12:49:55.389969 #20927] DEBUG -- :   [1m[35m (1.1ms)[0m  [1m[34mSELECT `schema_migrations`.`version` FROM `schema_migrations` ORDER BY `schema_migrations`.`version` ASC[0m
D, [2020-05-23T12:49:55.395645 #20927] DEBUG -- :   [1m[36mActiveRecord::InternalMetadata Load (0.4ms)[0m  [1m[34mSELECT `ar_internal_metadata`.* FROM `ar_internal_metadata` WHERE `ar_internal_metadata`.`key` = 'environment' LIMIT 1[0m
D, [2020-05-23T12:49:55.401091 #20927] DEBUG -- :   [1m[35m (0.2ms)[0m  [1m[34mSELECT RELEASE_LOCK('2754433143543187260')[0m
D, [2020-05-23T12:56:46.327507 #23472] DEBUG -- :   [1m[35m (18.0ms)[0m  [1m[35mSET NAMES utf8,  @@SESSION.sql_mode = CONCAT(CONCAT(@@sql_mode, ',STRICT_ALL_TABLES'), ',NO_AUTO_VALUE_ON_ZERO'),  @@SESSION.sql_auto_is_null = 0, @@SESSION.wait_timeout = 2147483[0m
D, [2020-05-23T12:56:46.401400 #23472] DEBUG -- :   [1m[35m (0.5ms)[0m  [1m[34mSELECT GET_LOCK('2754433143543187260', 0)[0m
D, [2020-05-23T12:56:46.443815 #23472] DEBUG -- :   [1m[35m (1.9ms)[0m  [1m[34mSELECT `schema_migrations`.`version` FROM `schema_migrations` ORDER BY `schema_migrations`.`version` ASC[0m
D, [2020-05-23T12:56:46.462148 #23472] DEBUG -- :   [1m[36mActiveRecord::InternalMetadata Load (1.0ms)[0m  [1m[34mSELECT `ar_internal_metadata`.* FROM `ar_internal_metadata` WHERE `ar_internal_metadata`.`key` = 'environment' LIMIT 1[0m
D, [2020-05-23T12:56:46.498167 #23472] DEBUG -- :   [1m[35m (0.7ms)[0m  [1m[34mSELECT RELEASE_LOCK('2754433143543187260')[0m
D, [2020-05-23T12:58:23.696686 #25646] DEBUG -- :   [1m[35m (20.0ms)[0m  [1m[35mSET NAMES utf8,  @@SESSION.sql_mode = CONCAT(CONCAT(@@sql_mode, ',STRICT_ALL_TABLES'), ',NO_AUTO_VALUE_ON_ZERO'),  @@SESSION.sql_auto_is_null = 0, @@SESSION.wait_timeout = 2147483[0m
D, [2020-05-23T12:58:23.781977 #25646] DEBUG -- :   [1m[35m (0.5ms)[0m  [1m[34mSELECT GET_LOCK('2754433143543187260', 0)[0m
D, [2020-05-23T12:58:23.814740 #25646] DEBUG -- :   [1m[35m (2.1ms)[0m  [1m[34mSELECT `schema_migrations`.`version` FROM `schema_migrations` ORDER BY `schema_migrations`.`version` ASC[0m
D, [2020-05-23T12:58:23.832897 #25646] DEBUG -- :   [1m[36mActiveRecord::InternalMetadata Load (0.9ms)[0m  [1m[34mSELECT `ar_internal_metadata`.* FROM `ar_internal_metadata` WHERE `ar_internal_metadata`.`key` = 'environment' LIMIT 1[0m
D, [2020-05-23T12:58:23.871305 #25646] DEBUG -- :   [1m[35m (0.8ms)[0m  [1m[34mSELECT RELEASE_LOCK('2754433143543187260')[0m
D, [2020-05-23T13:08:37.661470 #28502] DEBUG -- :   [1m[35m (19.6ms)[0m  [1m[35mSET NAMES utf8,  @@SESSION.sql_mode = CONCAT(CONCAT(@@sql_mode, ',STRICT_ALL_TABLES'), ',NO_AUTO_VALUE_ON_ZERO'),  @@SESSION.sql_auto_is_null = 0, @@SESSION.wait_timeout = 2147483[0m
D, [2020-05-23T13:08:37.702972 #28502] DEBUG -- :   [1m[35m (0.3ms)[0m  [1m[34mSELECT GET_LOCK('2754433143543187260', 0)[0m
D, [2020-05-23T13:08:37.736190 #28502] DEBUG -- :   [1m[35m (2.2ms)[0m  [1m[34mSELECT `schema_migrations`.`version` FROM `schema_migrations` ORDER BY `schema_migrations`.`version` ASC[0m
D, [2020-05-23T13:08:37.746191 #28502] DEBUG -- :   [1m[36mActiveRecord::InternalMetadata Load (0.5ms)[0m  [1m[34mSELECT `ar_internal_metadata`.* FROM `ar_internal_metadata` WHERE `ar_internal_metadata`.`key` = 'environment' LIMIT 1[0m
D, [2020-05-23T13:08:37.768768 #28502] DEBUG -- :   [1m[35m (0.4ms)[0m  [1m[34mSELECT RELEASE_LOCK('2754433143543187260')[0m
D, [2020-05-23T13:15:19.447850 #31596] DEBUG -- :   [1m[35m (22.9ms)[0m  [1m[35mSET NAMES utf8,  @@SESSION.sql_mode = CONCAT(CONCAT(@@sql_mode, ',STRICT_ALL_TABLES'), ',NO_AUTO_VALUE_ON_ZERO'),  @@SESSION.sql_auto_is_null = 0, @@SESSION.wait_timeout = 2147483[0m
D, [2020-05-23T13:15:19.507178 #31596] DEBUG -- :   [1m[35m (0.4ms)[0m  [1m[34mSELECT GET_LOCK('2754433143543187260', 0)[0m
D, [2020-05-23T13:15:19.541126 #31596] DEBUG -- :   [1m[35m (3.2ms)[0m  [1m[34mSELECT `schema_migrations`.`version` FROM `schema_migrations` ORDER BY `schema_migrations`.`version` ASC[0m
D, [2020-05-23T13:15:19.550854 #31596] DEBUG -- :   [1m[36mActiveRecord::InternalMetadata Load (1.4ms)[0m  [1m[34mSELECT `ar_internal_metadata`.* FROM `ar_internal_metadata` WHERE `ar_internal_metadata`.`key` = 'environment' LIMIT 1[0m
D, [2020-05-23T13:15:19.563984 #31596] DEBUG -- :   [1m[35m (0.7ms)[0m  [1m[34mSELECT RELEASE_LOCK('2754433143543187260')[0m
D, [2020-05-23T13:24:53.671012 #2494] DEBUG -- :   [1m[35m (8.6ms)[0m  [1m[35mSET NAMES utf8,  @@SESSION.sql_mode = CONCAT(CONCAT(@@sql_mode, ',STRICT_ALL_TABLES'), ',NO_AUTO_VALUE_ON_ZERO'),  @@SESSION.sql_auto_is_null = 0, @@SESSION.wait_timeout = 2147483[0m
D, [2020-05-23T13:24:53.735286 #2494] DEBUG -- :   [1m[35m (0.5ms)[0m  [1m[34mSELECT GET_LOCK('2754433143543187260', 0)[0m
D, [2020-05-23T13:24:53.753228 #2494] DEBUG -- :   [1m[35m (0.8ms)[0m  [1m[34mSELECT `schema_migrations`.`version` FROM `schema_migrations` ORDER BY `schema_migrations`.`version` ASC[0m
D, [2020-05-23T13:24:53.765863 #2494] DEBUG -- :   [1m[36mActiveRecord::InternalMetadata Load (1.6ms)[0m  [1m[34mSELECT `ar_internal_metadata`.* FROM `ar_internal_metadata` WHERE `ar_internal_metadata`.`key` = 'environment' LIMIT 1[0m
D, [2020-05-23T13:24:53.785381 #2494] DEBUG -- :   [1m[35m (0.7ms)[0m  [1m[34mSELECT RELEASE_LOCK('2754433143543187260')[0m
D, [2020-05-24T00:08:25.535948 #5343] DEBUG -- :   [1m[35m (3.4ms)[0m  [1m[35mSET NAMES utf8,  @@SESSION.sql_mode = CONCAT(CONCAT(@@sql_mode, ',STRICT_ALL_TABLES'), ',NO_AUTO_VALUE_ON_ZERO'),  @@SESSION.sql_auto_is_null = 0, @@SESSION.wait_timeout = 2147483[0m
D, [2020-05-24T00:08:25.559953 #5343] DEBUG -- :   [1m[35m (0.2ms)[0m  [1m[34mSELECT GET_LOCK('2754433143543187260', 0)[0m
D, [2020-05-24T00:08:25.571088 #5343] DEBUG -- :   [1m[35m (0.4ms)[0m  [1m[34mSELECT `schema_migrations`.`version` FROM `schema_migrations` ORDER BY `schema_migrations`.`version` ASC[0m
D, [2020-05-24T00:08:25.574290 #5343] DEBUG -- :   [1m[36mActiveRecord::InternalMetadata Load (0.3ms)[0m  [1m[34mSELECT `ar_internal_metadata`.* FROM `ar_internal_metadata` WHERE `ar_internal_metadata`.`key` = 'environment' LIMIT 1[0m
D, [2020-05-24T00:08:25.578817 #5343] DEBUG -- :   [1m[35m (0.2ms)[0m  [1m[34mSELECT RELEASE_LOCK('2754433143543187260')[0m
D, [2020-05-24T11:50:06.136691 #12608] DEBUG -- :   [1m[35m (8.0ms)[0m  [1m[35mSET NAMES utf8,  @@SESSION.sql_mode = CONCAT(CONCAT(@@sql_mode, ',STRICT_ALL_TABLES'), ',NO_AUTO_VALUE_ON_ZERO'),  @@SESSION.sql_auto_is_null = 0, @@SESSION.wait_timeout = 2147483[0m
D, [2020-05-24T11:50:06.164384 #12608] DEBUG -- :   [1m[35m (0.3ms)[0m  [1m[34mSELECT GET_LOCK('2754433143543187260', 0)[0m
D, [2020-05-24T11:50:06.171549 #12608] DEBUG -- :   [1m[35m (0.3ms)[0m  [1m[34mSELECT `schema_migrations`.`version` FROM `schema_migrations` ORDER BY `schema_migrations`.`version` ASC[0m
D, [2020-05-24T11:50:06.175793 #12608] DEBUG -- :   [1m[36mActiveRecord::InternalMetadata Load (0.4ms)[0m  [1m[34mSELECT `ar_internal_metadata`.* FROM `ar_internal_metadata` WHERE `ar_internal_metadata`.`key` = 'environment' LIMIT 1[0m
D, [2020-05-24T11:50:06.183225 #12608] DEBUG -- :   [1m[35m (0.2ms)[0m  [1m[34mSELECT RELEASE_LOCK('2754433143543187260')[0m
